<?xml version="1.0" encoding="UTF-8"?>
<!-- Generated by org.testng.reporters.JUnitReportReporter -->
<testsuite skipped="0" hostname="DESKTOP-JN3VI7D" name="TestCases.TestCase002" tests="1" failures="0" timestamp="2020-07-06T22:08:10 IST" time="0.425" errors="0">
  <testcase name="checkTodo" time="0.425" classname="TestCases.TestCase002"/>
</testsuite> <!-- TestCases.TestCase002 -->
