<?xml version="1.0" encoding="UTF-8"?>
<!-- Generated by org.testng.reporters.JUnitReportReporter -->
<testsuite skipped="0" hostname="DESKTOP-JN3VI7D" name="TestCases.TestCase003" tests="1" failures="0" timestamp="2020-07-11T08:28:48 IST" time="4.900" errors="0">
  <testcase name="checkForm" time="4.900" classname="TestCases.TestCase003"/>
</testsuite> <!-- TestCases.TestCase003 -->
